<?xml version="1.0" encoding="UTF-8"?>
<coverage generated="1617325396589" clover="3.2.0">
  <project timestamp="1617325396590" name="All files">
    <metrics statements="409" coveredstatements="398" conditionals="119" coveredconditionals="111" methods="67" coveredmethods="64" elements="595" coveredelements="573" complexity="0" loc="409" ncloc="409" packages="5" files="16" classes="16"/>
    <package name="Jobly">
      <metrics statements="52" coveredstatements="51" conditionals="18" coveredconditionals="16" methods="8" coveredmethods="7"/>
      <file name="app.js" path="/Users/g.r/kode/rithm/wk7/exc/Jobly/app.js">
        <metrics statements="26" coveredstatements="26" conditionals="4" coveredconditionals="4" methods="2" coveredmethods="2"/>
        <line num="5" count="5" type="stmt"/>
        <line num="6" count="5" type="stmt"/>
        <line num="8" count="5" type="stmt"/>
        <line num="10" count="5" type="stmt"/>
        <line num="11" count="5" type="stmt"/>
        <line num="12" count="5" type="stmt"/>
        <line num="13" count="5" type="stmt"/>
        <line num="14" count="5" type="stmt"/>
        <line num="16" count="5" type="stmt"/>
        <line num="18" count="5" type="stmt"/>
        <line num="20" count="5" type="stmt"/>
        <line num="21" count="5" type="stmt"/>
        <line num="22" count="5" type="stmt"/>
        <line num="23" count="5" type="stmt"/>
        <line num="25" count="5" type="stmt"/>
        <line num="26" count="5" type="stmt"/>
        <line num="27" count="5" type="stmt"/>
        <line num="28" count="5" type="stmt"/>
        <line num="32" count="5" type="stmt"/>
        <line num="33" count="2" type="stmt"/>
        <line num="37" count="5" type="stmt"/>
        <line num="38" count="52" type="cond" truecount="2" falsecount="0"/>
        <line num="39" count="52" type="cond" truecount="2" falsecount="0"/>
        <line num="40" count="52" type="stmt"/>
        <line num="42" count="52" type="stmt"/>
        <line num="47" count="5" type="stmt"/>
      </file>
      <file name="config.js" path="/Users/g.r/kode/rithm/wk7/exc/Jobly/config.js">
        <metrics statements="13" coveredstatements="13" conditionals="10" coveredconditionals="10" methods="1" coveredmethods="1"/>
        <line num="5" count="11" type="stmt"/>
        <line num="6" count="11" type="stmt"/>
        <line num="8" count="11" type="cond" truecount="2" falsecount="0"/>
        <line num="10" count="11" type="cond" truecount="2" falsecount="0"/>
        <line num="14" count="22" type="cond" truecount="2" falsecount="0"/>
        <line num="22" count="11" type="cond" truecount="2" falsecount="0"/>
        <line num="24" count="11" type="stmt"/>
        <line num="25" count="11" type="stmt"/>
        <line num="26" count="11" type="stmt"/>
        <line num="27" count="11" type="stmt"/>
        <line num="28" count="11" type="stmt"/>
        <line num="29" count="11" type="stmt"/>
        <line num="31" count="11" type="stmt"/>
      </file>
      <file name="db.js" path="/Users/g.r/kode/rithm/wk7/exc/Jobly/db.js">
        <metrics statements="5" coveredstatements="5" conditionals="0" coveredconditionals="0" methods="0" coveredmethods="0"/>
        <line num="5" count="8" type="stmt"/>
        <line num="6" count="8" type="stmt"/>
        <line num="8" count="8" type="stmt"/>
        <line num="12" count="8" type="stmt"/>
        <line num="14" count="8" type="stmt"/>
      </file>
      <file name="expressError.js" path="/Users/g.r/kode/rithm/wk7/exc/Jobly/expressError.js">
        <metrics statements="8" coveredstatements="7" conditionals="4" coveredconditionals="2" methods="5" coveredmethods="4"/>
        <line num="9" count="70" type="stmt"/>
        <line num="10" count="70" type="stmt"/>
        <line num="11" count="70" type="stmt"/>
        <line num="19" count="20" type="stmt"/>
        <line num="27" count="26" type="stmt"/>
        <line num="35" count="24" type="stmt"/>
        <line num="43" count="0" type="stmt"/>
        <line num="47" count="9" type="stmt"/>
      </file>
    </package>
    <package name="Jobly.helpers">
      <metrics statements="13" coveredstatements="13" conditionals="6" coveredconditionals="6" methods="3" coveredmethods="3"/>
      <file name="sql.js" path="/Users/g.r/kode/rithm/wk7/exc/Jobly/helpers/sql.js">
        <metrics statements="7" coveredstatements="7" conditionals="4" coveredconditionals="4" methods="2" coveredmethods="2"/>
        <line num="1" count="8" type="stmt"/>
        <line num="10" count="22" type="stmt"/>
        <line num="11" count="22" type="cond" truecount="2" falsecount="0"/>
        <line num="14" count="18" type="stmt"/>
        <line num="15" count="40" type="cond" truecount="2" falsecount="0"/>
        <line num="18" count="18" type="stmt"/>
        <line num="24" count="8" type="stmt"/>
      </file>
      <file name="tokens.js" path="/Users/g.r/kode/rithm/wk7/exc/Jobly/helpers/tokens.js">
        <metrics statements="6" coveredstatements="6" conditionals="2" coveredconditionals="2" methods="1" coveredmethods="1"/>
        <line num="1" count="6" type="stmt"/>
        <line num="2" count="6" type="stmt"/>
        <line num="7" count="15" type="stmt"/>
        <line num="10" count="15" type="stmt"/>
        <line num="15" count="15" type="stmt"/>
        <line num="18" count="6" type="stmt"/>
      </file>
    </package>
    <package name="Jobly.middleware">
      <metrics statements="29" coveredstatements="26" conditionals="17" coveredconditionals="16" methods="4" coveredmethods="4"/>
      <file name="auth.js" path="/Users/g.r/kode/rithm/wk7/exc/Jobly/middleware/auth.js">
        <metrics statements="29" coveredstatements="26" conditionals="17" coveredconditionals="16" methods="4" coveredmethods="4"/>
        <line num="5" count="6" type="stmt"/>
        <line num="6" count="6" type="stmt"/>
        <line num="7" count="6" type="stmt"/>
        <line num="19" count="77" type="stmt"/>
        <line num="20" count="77" type="cond" truecount="2" falsecount="0"/>
        <line num="21" count="77" type="cond" truecount="2" falsecount="0"/>
        <line num="22" count="48" type="stmt"/>
        <line num="23" count="48" type="stmt"/>
        <line num="25" count="76" type="stmt"/>
        <line num="27" count="1" type="stmt"/>
        <line num="37" count="2" type="stmt"/>
        <line num="38" count="2" type="cond" truecount="3" falsecount="1"/>
        <line num="39" count="1" type="stmt"/>
        <line num="41" count="0" type="stmt"/>
        <line num="43" count="2" type="stmt"/>
        <line num="53" count="39" type="stmt"/>
        <line num="54" count="39" type="cond" truecount="4" falsecount="0"/>
        <line num="56" count="15" type="stmt"/>
        <line num="58" count="24" type="stmt"/>
        <line num="61" count="15" type="stmt"/>
        <line num="63" count="0" type="stmt"/>
        <line num="67" count="16" type="stmt"/>
        <line num="68" count="16" type="stmt"/>
        <line num="70" count="16" type="cond" truecount="5" falsecount="0"/>
        <line num="71" count="6" type="stmt"/>
        <line num="73" count="10" type="stmt"/>
        <line num="76" count="6" type="stmt"/>
        <line num="78" count="0" type="stmt"/>
        <line num="82" count="6" type="stmt"/>
      </file>
    </package>
    <package name="Jobly.models">
      <metrics statements="152" coveredstatements="150" conditionals="56" coveredconditionals="54" methods="21" coveredmethods="21"/>
      <file name="_testCommon.js" path="/Users/g.r/kode/rithm/wk7/exc/Jobly/models/_testCommon.js">
        <metrics statements="15" coveredstatements="15" conditionals="0" coveredconditionals="0" methods="5" coveredmethods="5"/>
        <line num="1" count="3" type="stmt"/>
        <line num="3" count="3" type="stmt"/>
        <line num="4" count="3" type="stmt"/>
        <line num="5" count="3" type="stmt"/>
        <line num="9" count="3" type="stmt"/>
        <line num="11" count="3" type="stmt"/>
        <line num="13" count="3" type="stmt"/>
        <line num="15" count="3" type="stmt"/>
        <line num="21" count="3" type="stmt"/>
        <line num="35" count="3" type="stmt"/>
        <line num="41" count="9" type="stmt"/>
        <line num="45" count="48" type="stmt"/>
        <line num="49" count="48" type="stmt"/>
        <line num="53" count="3" type="stmt"/>
        <line num="57" count="3" type="stmt"/>
      </file>
      <file name="company.js" path="/Users/g.r/kode/rithm/wk7/exc/Jobly/models/company.js">
        <metrics statements="49" coveredstatements="48" conditionals="21" coveredconditionals="20" methods="5" coveredmethods="5"/>
        <line num="3" count="6" type="stmt"/>
        <line num="4" count="6" type="stmt"/>
        <line num="5" count="6" type="stmt"/>
        <line num="20" count="16" type="stmt"/>
        <line num="26" count="16" type="cond" truecount="2" falsecount="0"/>
        <line num="27" count="1" type="stmt"/>
        <line num="29" count="15" type="stmt"/>
        <line num="42" count="15" type="stmt"/>
        <line num="44" count="15" type="stmt"/>
        <line num="58" count="8" type="cond" truecount="2" falsecount="0"/>
        <line num="59" count="3" type="stmt"/>
        <line num="67" count="2" type="stmt"/>
        <line num="69" count="5" type="stmt"/>
        <line num="71" count="5" type="stmt"/>
        <line num="78" count="5" type="stmt"/>
        <line num="79" count="5" type="stmt"/>
        <line num="80" count="5" type="cond" truecount="2" falsecount="0"/>
        <line num="81" count="1" type="stmt"/>
        <line num="83" count="4" type="cond" truecount="2" falsecount="0"/>
        <line num="84" count="2" type="stmt"/>
        <line num="85" count="2" type="stmt"/>
        <line num="87" count="4" type="cond" truecount="2" falsecount="0"/>
        <line num="88" count="2" type="stmt"/>
        <line num="89" count="2" type="stmt"/>
        <line num="91" count="4" type="cond" truecount="2" falsecount="0"/>
        <line num="92" count="2" type="stmt"/>
        <line num="93" count="2" type="stmt"/>
        <line num="95" count="4" type="cond" truecount="1" falsecount="1"/>
        <line num="96" count="4" type="stmt"/>
        <line num="98" count="0" type="stmt"/>
        <line num="101" count="4" type="stmt"/>
        <line num="102" count="4" type="stmt"/>
        <line num="114" count="5" type="stmt"/>
        <line num="124" count="5" type="stmt"/>
        <line num="126" count="5" type="cond" truecount="2" falsecount="0"/>
        <line num="129" count="3" type="stmt"/>
        <line num="135" count="3" type="stmt"/>
        <line num="137" count="3" type="stmt"/>
        <line num="153" count="6" type="stmt"/>
        <line num="159" count="5" type="stmt"/>
        <line num="161" count="5" type="stmt"/>
        <line num="169" count="5" type="stmt"/>
        <line num="170" count="5" type="stmt"/>
        <line num="172" count="5" type="cond" truecount="2" falsecount="0"/>
        <line num="174" count="3" type="stmt"/>
        <line num="183" count="4" type="stmt"/>
        <line num="189" count="4" type="stmt"/>
        <line num="191" count="4" type="cond" truecount="2" falsecount="0"/>
        <line num="196" count="6" type="stmt"/>
      </file>
      <file name="job.js" path="/Users/g.r/kode/rithm/wk7/exc/Jobly/models/job.js">
        <metrics statements="48" coveredstatements="47" conditionals="21" coveredconditionals="20" methods="5" coveredmethods="5"/>
        <line num="3" count="6" type="stmt"/>
        <line num="4" count="6" type="stmt"/>
        <line num="5" count="6" type="stmt"/>
        <line num="20" count="16" type="stmt"/>
        <line num="26" count="16" type="cond" truecount="2" falsecount="0"/>
        <line num="27" count="1" type="stmt"/>
        <line num="29" count="15" type="stmt"/>
        <line num="35" count="15" type="cond" truecount="1" falsecount="1"/>
        <line num="36" count="0" type="stmt"/>
        <line num="39" count="15" type="stmt"/>
        <line num="51" count="15" type="stmt"/>
        <line num="53" count="15" type="stmt"/>
        <line num="65" count="7" type="cond" truecount="2" falsecount="0"/>
        <line num="66" count="3" type="stmt"/>
        <line num="74" count="2" type="stmt"/>
        <line num="76" count="4" type="stmt"/>
        <line num="79" count="4" type="stmt"/>
        <line num="86" count="4" type="stmt"/>
        <line num="87" count="4" type="stmt"/>
        <line num="89" count="4" type="cond" truecount="2" falsecount="0"/>
        <line num="90" count="1" type="stmt"/>
        <line num="91" count="1" type="stmt"/>
        <line num="93" count="4" type="cond" truecount="2" falsecount="0"/>
        <line num="94" count="2" type="stmt"/>
        <line num="95" count="2" type="stmt"/>
        <line num="97" count="4" type="cond" truecount="2" falsecount="0"/>
        <line num="98" count="1" type="stmt"/>
        <line num="100" count="4" type="cond" truecount="2" falsecount="0"/>
        <line num="101" count="3" type="stmt"/>
        <line num="103" count="1" type="stmt"/>
        <line num="106" count="3" type="stmt"/>
        <line num="108" count="3" type="stmt"/>
        <line num="109" count="3" type="stmt"/>
        <line num="121" count="4" type="stmt"/>
        <line num="131" count="4" type="stmt"/>
        <line num="133" count="4" type="cond" truecount="2" falsecount="0"/>
        <line num="135" count="2" type="stmt"/>
        <line num="151" count="6" type="stmt"/>
        <line num="156" count="5" type="stmt"/>
        <line num="158" count="5" type="stmt"/>
        <line num="166" count="5" type="stmt"/>
        <line num="167" count="5" type="stmt"/>
        <line num="169" count="5" type="cond" truecount="2" falsecount="0"/>
        <line num="171" count="3" type="stmt"/>
        <line num="180" count="4" type="stmt"/>
        <line num="186" count="4" type="stmt"/>
        <line num="188" count="4" type="cond" truecount="2" falsecount="0"/>
        <line num="193" count="6" type="stmt"/>
      </file>
      <file name="user.js" path="/Users/g.r/kode/rithm/wk7/exc/Jobly/models/user.js">
        <metrics statements="40" coveredstatements="40" conditionals="14" coveredconditionals="14" methods="6" coveredmethods="6"/>
        <line num="3" count="6" type="stmt"/>
        <line num="4" count="6" type="stmt"/>
        <line num="5" count="6" type="stmt"/>
        <line num="10" count="6" type="stmt"/>
        <line num="12" count="6" type="stmt"/>
        <line num="26" count="7" type="stmt"/>
        <line num="38" count="7" type="stmt"/>
        <line num="40" count="7" type="cond" truecount="2" falsecount="0"/>
        <line num="42" count="4" type="stmt"/>
        <line num="43" count="4" type="cond" truecount="2" falsecount="0"/>
        <line num="44" count="3" type="stmt"/>
        <line num="45" count="3" type="stmt"/>
        <line num="49" count="4" type="stmt"/>
        <line num="61" count="19" type="stmt"/>
        <line num="68" count="19" type="cond" truecount="2" falsecount="0"/>
        <line num="69" count="1" type="stmt"/>
        <line num="72" count="18" type="stmt"/>
        <line num="74" count="18" type="stmt"/>
        <line num="94" count="18" type="stmt"/>
        <line num="96" count="18" type="stmt"/>
        <line num="105" count="3" type="stmt"/>
        <line num="115" count="2" type="stmt"/>
        <line num="127" count="5" type="stmt"/>
        <line num="138" count="5" type="stmt"/>
        <line num="140" count="5" type="cond" truecount="2" falsecount="0"/>
        <line num="142" count="3" type="stmt"/>
        <line num="163" count="8" type="cond" truecount="2" falsecount="0"/>
        <line num="164" count="2" type="stmt"/>
        <line num="167" count="8" type="stmt"/>
        <line num="174" count="7" type="stmt"/>
        <line num="176" count="7" type="stmt"/>
        <line num="184" count="7" type="stmt"/>
        <line num="185" count="7" type="stmt"/>
        <line num="187" count="7" type="cond" truecount="2" falsecount="0"/>
        <line num="189" count="5" type="stmt"/>
        <line num="190" count="5" type="stmt"/>
        <line num="196" count="4" type="stmt"/>
        <line num="203" count="4" type="stmt"/>
        <line num="205" count="4" type="cond" truecount="2" falsecount="0"/>
        <line num="210" count="6" type="stmt"/>
      </file>
    </package>
    <package name="Jobly.routes">
      <metrics statements="163" coveredstatements="158" conditionals="22" coveredconditionals="19" methods="31" coveredmethods="29"/>
      <file name="_testCommon.js" path="/Users/g.r/kode/rithm/wk7/exc/Jobly/routes/_testCommon.js">
        <metrics statements="25" coveredstatements="25" conditionals="0" coveredconditionals="0" methods="4" coveredmethods="4"/>
        <line num="3" count="4" type="stmt"/>
        <line num="4" count="4" type="stmt"/>
        <line num="5" count="4" type="stmt"/>
        <line num="6" count="4" type="stmt"/>
        <line num="7" count="4" type="stmt"/>
        <line num="8" count="4" type="stmt"/>
        <line num="12" count="4" type="stmt"/>
        <line num="14" count="4" type="stmt"/>
        <line num="15" count="4" type="stmt"/>
        <line num="17" count="4" type="stmt"/>
        <line num="25" count="4" type="stmt"/>
        <line num="33" count="4" type="stmt"/>
        <line num="41" count="4" type="stmt"/>
        <line num="50" count="4" type="stmt"/>
        <line num="59" count="4" type="stmt"/>
        <line num="68" count="4" type="stmt"/>
        <line num="70" count="4" type="stmt"/>
        <line num="78" count="4" type="stmt"/>
        <line num="86" count="4" type="stmt"/>
        <line num="97" count="72" type="stmt"/>
        <line num="101" count="72" type="stmt"/>
        <line num="105" count="4" type="stmt"/>
        <line num="109" count="4" type="stmt"/>
        <line num="110" count="4" type="stmt"/>
        <line num="113" count="4" type="stmt"/>
      </file>
      <file name="auth.js" path="/Users/g.r/kode/rithm/wk7/exc/Jobly/routes/auth.js">
        <metrics statements="26" coveredstatements="26" conditionals="4" coveredconditionals="4" methods="4" coveredmethods="4"/>
        <line num="5" count="5" type="stmt"/>
        <line num="7" count="5" type="stmt"/>
        <line num="8" count="5" type="stmt"/>
        <line num="9" count="5" type="stmt"/>
        <line num="10" count="5" type="stmt"/>
        <line num="11" count="5" type="stmt"/>
        <line num="12" count="5" type="stmt"/>
        <line num="13" count="5" type="stmt"/>
        <line num="22" count="5" type="stmt"/>
        <line num="23" count="5" type="stmt"/>
        <line num="24" count="5" type="cond" truecount="2" falsecount="0"/>
        <line num="25" count="2" type="stmt"/>
        <line num="26" count="2" type="stmt"/>
        <line num="29" count="3" type="stmt"/>
        <line num="30" count="3" type="stmt"/>
        <line num="31" count="1" type="stmt"/>
        <line num="32" count="1" type="stmt"/>
        <line num="45" count="5" type="stmt"/>
        <line num="46" count="3" type="stmt"/>
        <line num="47" count="3" type="cond" truecount="2" falsecount="0"/>
        <line num="48" count="5" type="stmt"/>
        <line num="49" count="2" type="stmt"/>
        <line num="52" count="1" type="stmt"/>
        <line num="53" count="1" type="stmt"/>
        <line num="54" count="1" type="stmt"/>
        <line num="58" count="5" type="stmt"/>
      </file>
      <file name="companies.js" path="/Users/g.r/kode/rithm/wk7/exc/Jobly/routes/companies.js">
        <metrics statements="38" coveredstatements="36" conditionals="6" coveredconditionals="5" methods="8" coveredmethods="7"/>
        <line num="5" count="5" type="stmt"/>
        <line num="6" count="5" type="stmt"/>
        <line num="8" count="5" type="stmt"/>
        <line num="9" count="5" type="stmt"/>
        <line num="10" count="5" type="stmt"/>
        <line num="12" count="5" type="stmt"/>
        <line num="13" count="5" type="stmt"/>
        <line num="14" count="5" type="stmt"/>
        <line num="16" count="5" type="stmt"/>
        <line num="28" count="5" type="stmt"/>
        <line num="29" count="3" type="stmt"/>
        <line num="30" count="3" type="cond" truecount="2" falsecount="0"/>
        <line num="31" count="3" type="stmt"/>
        <line num="32" count="2" type="stmt"/>
        <line num="35" count="1" type="stmt"/>
        <line num="36" count="1" type="stmt"/>
        <line num="50" count="5" type="stmt"/>
        <line num="51" count="2" type="stmt"/>
        <line num="52" count="2" type="stmt"/>
        <line num="53" count="2" type="cond" truecount="1" falsecount="1"/>
        <line num="54" count="0" type="stmt"/>
        <line num="55" count="0" type="stmt"/>
        <line num="57" count="2" type="stmt"/>
        <line num="58" count="1" type="stmt"/>
        <line num="69" count="5" type="stmt"/>
        <line num="70" count="3" type="stmt"/>
        <line num="71" count="2" type="stmt"/>
        <line num="85" count="5" type="stmt"/>
        <line num="86" count="4" type="stmt"/>
        <line num="87" count="4" type="cond" truecount="2" falsecount="0"/>
        <line num="88" count="2" type="stmt"/>
        <line num="89" count="2" type="stmt"/>
        <line num="92" count="2" type="stmt"/>
        <line num="93" count="1" type="stmt"/>
        <line num="101" count="5" type="stmt"/>
        <line num="102" count="2" type="stmt"/>
        <line num="103" count="1" type="stmt"/>
        <line num="107" count="5" type="stmt"/>
      </file>
      <file name="jobs.js" path="/Users/g.r/kode/rithm/wk7/exc/Jobly/routes/jobs.js">
        <metrics statements="40" coveredstatements="37" conditionals="8" coveredconditionals="6" methods="8" coveredmethods="7"/>
        <line num="5" count="5" type="stmt"/>
        <line num="6" count="5" type="stmt"/>
        <line num="8" count="5" type="stmt"/>
        <line num="9" count="5" type="stmt"/>
        <line num="10" count="5" type="stmt"/>
        <line num="12" count="5" type="stmt"/>
        <line num="13" count="5" type="stmt"/>
        <line num="14" count="5" type="stmt"/>
        <line num="17" count="5" type="stmt"/>
        <line num="29" count="5" type="stmt"/>
        <line num="30" count="3" type="stmt"/>
        <line num="32" count="3" type="cond" truecount="2" falsecount="0"/>
        <line num="33" count="3" type="stmt"/>
        <line num="34" count="2" type="stmt"/>
        <line num="37" count="1" type="stmt"/>
        <line num="38" count="1" type="stmt"/>
        <line num="52" count="5" type="stmt"/>
        <line num="53" count="2" type="stmt"/>
        <line num="54" count="2" type="stmt"/>
        <line num="55" count="2" type="cond" truecount="1" falsecount="1"/>
        <line num="56" count="0" type="stmt"/>
        <line num="57" count="0" type="stmt"/>
        <line num="60" count="2" type="cond" truecount="1" falsecount="1"/>
        <line num="61" count="0" type="stmt"/>
        <line num="63" count="2" type="stmt"/>
        <line num="64" count="1" type="stmt"/>
        <line num="75" count="5" type="stmt"/>
        <line num="76" count="2" type="stmt"/>
        <line num="77" count="1" type="stmt"/>
        <line num="91" count="5" type="stmt"/>
        <line num="92" count="4" type="stmt"/>
        <line num="93" count="4" type="cond" truecount="2" falsecount="0"/>
        <line num="94" count="2" type="stmt"/>
        <line num="95" count="2" type="stmt"/>
        <line num="98" count="2" type="stmt"/>
        <line num="99" count="1" type="stmt"/>
        <line num="107" count="5" type="stmt"/>
        <line num="108" count="2" type="stmt"/>
        <line num="109" count="1" type="stmt"/>
        <line num="113" count="5" type="stmt"/>
      </file>
      <file name="users.js" path="/Users/g.r/kode/rithm/wk7/exc/Jobly/routes/users.js">
        <metrics statements="34" coveredstatements="34" conditionals="4" coveredconditionals="4" methods="7" coveredmethods="7"/>
        <line num="5" count="5" type="stmt"/>
        <line num="7" count="5" type="stmt"/>
        <line num="8" count="5" type="stmt"/>
        <line num="9" count="5" type="stmt"/>
        <line num="10" count="5" type="stmt"/>
        <line num="11" count="5" type="stmt"/>
        <line num="12" count="5" type="stmt"/>
        <line num="13" count="5" type="stmt"/>
        <line num="15" count="5" type="stmt"/>
        <line num="30" count="5" type="stmt"/>
        <line num="31" count="4" type="stmt"/>
        <line num="32" count="4" type="cond" truecount="2" falsecount="0"/>
        <line num="33" count="5" type="stmt"/>
        <line num="34" count="2" type="stmt"/>
        <line num="37" count="2" type="stmt"/>
        <line num="38" count="2" type="stmt"/>
        <line num="39" count="2" type="stmt"/>
        <line num="50" count="5" type="stmt"/>
        <line num="51" count="2" type="stmt"/>
        <line num="52" count="1" type="stmt"/>
        <line num="63" count="5" type="stmt"/>
        <line num="64" count="3" type="stmt"/>
        <line num="65" count="2" type="stmt"/>
        <line num="79" count="5" type="stmt"/>
        <line num="80" count="5" type="stmt"/>
        <line num="81" count="5" type="cond" truecount="2" falsecount="0"/>
        <line num="82" count="1" type="stmt"/>
        <line num="83" count="1" type="stmt"/>
        <line num="86" count="4" type="stmt"/>
        <line num="87" count="3" type="stmt"/>
        <line num="96" count="5" type="stmt"/>
        <line num="97" count="2" type="stmt"/>
        <line num="98" count="1" type="stmt"/>
        <line num="102" count="5" type="stmt"/>
      </file>
    </package>
  </project>
</coverage>
