TN:
SF:app.js
FN:32,(anonymous_0)
FN:37,(anonymous_1)
FNF:2
FNH:2
FNDA:2,(anonymous_0)
FNDA:52,(anonymous_1)
DA:5,5
DA:6,5
DA:8,5
DA:10,5
DA:11,5
DA:12,5
DA:13,5
DA:14,5
DA:16,5
DA:18,5
DA:20,5
DA:21,5
DA:22,5
DA:23,5
DA:25,5
DA:26,5
DA:27,5
DA:28,5
DA:32,5
DA:33,2
DA:37,5
DA:38,52
DA:39,52
DA:40,52
DA:42,52
DA:47,5
LF:26
LH:26
BRDA:38,0,0,1
BRDA:38,0,1,51
BRDA:39,1,0,52
BRDA:39,1,1,3
BRF:4
BRH:4
end_of_record
TN:
SF:config.js
FN:13,getDatabaseUri
FNF:1
FNH:1
FNDA:22,getDatabaseUri
DA:5,11
DA:6,11
DA:8,11
DA:10,11
DA:14,22
DA:22,11
DA:24,11
DA:25,11
DA:26,11
DA:27,11
DA:28,11
DA:29,11
DA:31,11
LF:13
LH:13
BRDA:8,0,0,11
BRDA:8,0,1,10
BRDA:10,1,0,11
BRDA:10,1,1,10
BRDA:14,2,0,19
BRDA:14,2,1,3
BRDA:16,3,0,3
BRDA:16,3,1,1
BRDA:22,4,0,10
BRDA:22,4,1,1
BRF:10
BRH:10
end_of_record
TN:
SF:db.js
FNF:0
FNH:0
DA:5,8
DA:6,8
DA:8,8
DA:12,8
DA:14,8
LF:5
LH:5
BRF:0
BRH:0
end_of_record
TN:
SF:expressError.js
FN:8,(anonymous_0)
FN:18,(anonymous_1)
FN:26,(anonymous_2)
FN:34,(anonymous_3)
FN:42,(anonymous_4)
FNF:5
FNH:4
FNDA:70,(anonymous_0)
FNDA:20,(anonymous_1)
FNDA:26,(anonymous_2)
FNDA:24,(anonymous_3)
FNDA:0,(anonymous_4)
DA:9,70
DA:10,70
DA:11,70
DA:19,20
DA:27,26
DA:35,24
DA:43,0
DA:47,9
LF:8
LH:7
BRDA:18,0,0,2
BRDA:26,1,0,0
BRDA:34,2,0,1
BRDA:42,3,0,0
BRF:4
BRH:2
end_of_record
TN:
SF:helpers/sql.js
FN:9,sqlForPartialUpdate
FN:14,(anonymous_1)
FNF:2
FNH:2
FNDA:22,sqlForPartialUpdate
FNDA:40,(anonymous_1)
DA:1,8
DA:10,22
DA:11,22
DA:14,18
DA:15,40
DA:18,18
DA:24,8
LF:7
LH:7
BRDA:11,0,0,4
BRDA:11,0,1,18
BRDA:15,1,0,40
BRDA:15,1,1,22
BRF:4
BRH:4
end_of_record
TN:
SF:helpers/tokens.js
FN:6,createToken
FNF:1
FNH:1
FNDA:15,createToken
DA:1,6
DA:2,6
DA:7,15
DA:10,15
DA:15,15
DA:18,6
LF:6
LH:6
BRDA:12,0,0,15
BRDA:12,0,1,8
BRF:2
BRH:2
end_of_record
TN:
SF:middleware/auth.js
FN:18,authenticateJWT
FN:36,ensureLoggedIn
FN:52,ensureAdminUser
FN:66,ensureLoggedInOrAdmin
FNF:4
FNH:4
FNDA:77,authenticateJWT
FNDA:2,ensureLoggedIn
FNDA:39,ensureAdminUser
FNDA:16,ensureLoggedInOrAdmin
DA:5,6
DA:6,6
DA:7,6
DA:19,77
DA:20,77
DA:21,77
DA:22,48
DA:23,48
DA:25,76
DA:27,1
DA:37,2
DA:38,2
DA:39,1
DA:41,0
DA:43,2
DA:53,39
DA:54,39
DA:56,15
DA:58,24
DA:61,15
DA:63,0
DA:67,16
DA:68,16
DA:70,16
DA:71,6
DA:73,10
DA:76,6
DA:78,0
DA:82,6
LF:29
LH:26
BRDA:20,0,0,77
BRDA:20,0,1,76
BRDA:21,1,0,48
BRDA:21,1,1,29
BRDA:38,2,0,1
BRDA:38,2,1,0
BRDA:38,3,0,2
BRDA:38,3,1,1
BRDA:54,4,0,15
BRDA:54,4,1,24
BRDA:54,5,0,39
BRDA:54,5,1,31
BRDA:70,6,0,6
BRDA:70,6,1,10
BRDA:70,7,0,16
BRDA:70,7,1,13
BRDA:70,7,2,8
BRF:17
BRH:16
end_of_record
TN:
SF:models/_testCommon.js
FN:7,commonBeforeAll
FN:41,(anonymous_1)
FN:44,commonBeforeEach
FN:48,commonAfterEach
FN:52,commonAfterAll
FNF:5
FNH:5
FNDA:3,commonBeforeAll
FNDA:9,(anonymous_1)
FNDA:48,commonBeforeEach
FNDA:48,commonAfterEach
FNDA:3,commonAfterAll
DA:1,3
DA:3,3
DA:4,3
DA:5,3
DA:9,3
DA:11,3
DA:13,3
DA:15,3
DA:21,3
DA:35,3
DA:41,9
DA:45,48
DA:49,48
DA:53,3
DA:57,3
LF:15
LH:15
BRF:0
BRH:0
end_of_record
TN:
SF:models/company.js
FN:19,(anonymous_0)
FN:57,(anonymous_1)
FN:113,(anonymous_2)
FN:152,(anonymous_3)
FN:182,(anonymous_4)
FNF:5
FNH:5
FNDA:16,(anonymous_0)
FNDA:8,(anonymous_1)
FNDA:5,(anonymous_2)
FNDA:6,(anonymous_3)
FNDA:4,(anonymous_4)
DA:3,6
DA:4,6
DA:5,6
DA:20,16
DA:26,16
DA:27,1
DA:29,15
DA:42,15
DA:44,15
DA:58,8
DA:59,3
DA:67,2
DA:69,5
DA:71,5
DA:78,5
DA:79,5
DA:80,5
DA:81,1
DA:83,4
DA:84,2
DA:85,2
DA:87,4
DA:88,2
DA:89,2
DA:91,4
DA:92,2
DA:93,2
DA:95,4
DA:96,4
DA:98,0
DA:101,4
DA:102,4
DA:114,5
DA:124,5
DA:126,5
DA:129,3
DA:135,3
DA:137,3
DA:153,6
DA:159,5
DA:161,5
DA:169,5
DA:170,5
DA:172,5
DA:174,3
DA:183,4
DA:189,4
DA:191,4
DA:196,6
LF:49
LH:48
BRDA:26,0,0,1
BRDA:26,0,1,15
BRDA:57,1,0,1
BRDA:58,2,0,3
BRDA:58,2,1,5
BRDA:80,3,0,1
BRDA:80,3,1,4
BRDA:83,4,0,2
BRDA:83,4,1,2
BRDA:87,5,0,2
BRDA:87,5,1,2
BRDA:91,6,0,2
BRDA:91,6,1,2
BRDA:95,7,0,4
BRDA:95,7,1,0
BRDA:126,8,0,2
BRDA:126,8,1,3
BRDA:172,9,0,2
BRDA:172,9,1,3
BRDA:191,10,0,2
BRDA:191,10,1,2
BRF:21
BRH:20
end_of_record
TN:
SF:models/job.js
FN:19,(anonymous_0)
FN:64,(anonymous_1)
FN:120,(anonymous_2)
FN:150,(anonymous_3)
FN:179,(anonymous_4)
FNF:5
FNH:5
FNDA:16,(anonymous_0)
FNDA:7,(anonymous_1)
FNDA:4,(anonymous_2)
FNDA:6,(anonymous_3)
FNDA:4,(anonymous_4)
DA:3,6
DA:4,6
DA:5,6
DA:20,16
DA:26,16
DA:27,1
DA:29,15
DA:35,15
DA:36,0
DA:39,15
DA:51,15
DA:53,15
DA:65,7
DA:66,3
DA:74,2
DA:76,4
DA:79,4
DA:86,4
DA:87,4
DA:89,4
DA:90,1
DA:91,1
DA:93,4
DA:94,2
DA:95,2
DA:97,4
DA:98,1
DA:100,4
DA:101,3
DA:103,1
DA:106,3
DA:108,3
DA:109,3
DA:121,4
DA:131,4
DA:133,4
DA:135,2
DA:151,6
DA:156,5
DA:158,5
DA:166,5
DA:167,5
DA:169,5
DA:171,3
DA:180,4
DA:186,4
DA:188,4
DA:193,6
LF:48
LH:47
BRDA:26,0,0,1
BRDA:26,0,1,15
BRDA:35,1,0,0
BRDA:35,1,1,15
BRDA:64,2,0,1
BRDA:65,3,0,3
BRDA:65,3,1,4
BRDA:89,4,0,1
BRDA:89,4,1,3
BRDA:93,5,0,2
BRDA:93,5,1,2
BRDA:97,6,0,1
BRDA:97,6,1,3
BRDA:100,7,0,3
BRDA:100,7,1,1
BRDA:133,8,0,2
BRDA:133,8,1,2
BRDA:169,9,0,2
BRDA:169,9,1,3
BRDA:188,10,0,2
BRDA:188,10,1,2
BRF:21
BRH:20
end_of_record
TN:
SF:models/user.js
FN:24,(anonymous_0)
FN:59,(anonymous_1)
FN:104,(anonymous_2)
FN:126,(anonymous_3)
FN:162,(anonymous_4)
FN:195,(anonymous_5)
FNF:6
FNH:6
FNDA:7,(anonymous_0)
FNDA:19,(anonymous_1)
FNDA:3,(anonymous_2)
FNDA:5,(anonymous_3)
FNDA:8,(anonymous_4)
FNDA:4,(anonymous_5)
DA:3,6
DA:4,6
DA:5,6
DA:10,6
DA:12,6
DA:26,7
DA:38,7
DA:40,7
DA:42,4
DA:43,4
DA:44,3
DA:45,3
DA:49,4
DA:61,19
DA:68,19
DA:69,1
DA:72,18
DA:74,18
DA:94,18
DA:96,18
DA:105,3
DA:115,2
DA:127,5
DA:138,5
DA:140,5
DA:142,3
DA:163,8
DA:164,2
DA:167,8
DA:174,7
DA:176,7
DA:184,7
DA:185,7
DA:187,7
DA:189,5
DA:190,5
DA:196,4
DA:203,4
DA:205,4
DA:210,6
LF:40
LH:40
BRDA:40,0,0,4
BRDA:40,0,1,3
BRDA:43,1,0,3
BRDA:43,1,1,1
BRDA:68,2,0,1
BRDA:68,2,1,18
BRDA:140,3,0,2
BRDA:140,3,1,3
BRDA:163,4,0,2
BRDA:163,4,1,6
BRDA:187,5,0,2
BRDA:187,5,1,5
BRDA:205,6,0,2
BRDA:205,6,1,2
BRF:14
BRH:14
end_of_record
TN:
SF:routes/_testCommon.js
FN:10,commonBeforeAll
FN:96,commonBeforeEach
FN:100,commonAfterEach
FN:104,commonAfterAll
FNF:4
FNH:4
FNDA:4,commonBeforeAll
FNDA:72,commonBeforeEach
FNDA:72,commonAfterEach
FNDA:4,commonAfterAll
DA:3,4
DA:4,4
DA:5,4
DA:6,4
DA:7,4
DA:8,4
DA:12,4
DA:14,4
DA:15,4
DA:17,4
DA:25,4
DA:33,4
DA:41,4
DA:50,4
DA:59,4
DA:68,4
DA:70,4
DA:78,4
DA:86,4
DA:97,72
DA:101,72
DA:105,4
DA:109,4
DA:110,4
DA:113,4
LF:25
LH:25
BRF:0
BRH:0
end_of_record
TN:
SF:routes/auth.js
FN:22,(anonymous_0)
FN:25,(anonymous_1)
FN:45,(anonymous_2)
FN:48,(anonymous_3)
FNF:4
FNH:4
FNDA:5,(anonymous_0)
FNDA:2,(anonymous_1)
FNDA:3,(anonymous_2)
FNDA:5,(anonymous_3)
DA:5,5
DA:7,5
DA:8,5
DA:9,5
DA:10,5
DA:11,5
DA:12,5
DA:13,5
DA:22,5
DA:23,5
DA:24,5
DA:25,2
DA:26,2
DA:29,3
DA:30,3
DA:31,1
DA:32,1
DA:45,5
DA:46,3
DA:47,3
DA:48,5
DA:49,2
DA:52,1
DA:53,1
DA:54,1
DA:58,5
LF:26
LH:26
BRDA:24,0,0,2
BRDA:24,0,1,3
BRDA:47,1,0,2
BRDA:47,1,1,1
BRF:4
BRH:4
end_of_record
TN:
SF:routes/companies.js
FN:28,(anonymous_0)
FN:31,(anonymous_1)
FN:50,(anonymous_2)
FN:54,(anonymous_3)
FN:69,(anonymous_4)
FN:85,(anonymous_5)
FN:88,(anonymous_6)
FN:101,(anonymous_7)
FNF:8
FNH:7
FNDA:3,(anonymous_0)
FNDA:3,(anonymous_1)
FNDA:2,(anonymous_2)
FNDA:0,(anonymous_3)
FNDA:3,(anonymous_4)
FNDA:4,(anonymous_5)
FNDA:2,(anonymous_6)
FNDA:2,(anonymous_7)
DA:5,5
DA:6,5
DA:8,5
DA:9,5
DA:10,5
DA:12,5
DA:13,5
DA:14,5
DA:16,5
DA:28,5
DA:29,3
DA:30,3
DA:31,3
DA:32,2
DA:35,1
DA:36,1
DA:50,5
DA:51,2
DA:52,2
DA:53,2
DA:54,0
DA:55,0
DA:57,2
DA:58,1
DA:69,5
DA:70,3
DA:71,2
DA:85,5
DA:86,4
DA:87,4
DA:88,2
DA:89,2
DA:92,2
DA:93,1
DA:101,5
DA:102,2
DA:103,1
DA:107,5
LF:38
LH:36
BRDA:30,0,0,2
BRDA:30,0,1,1
BRDA:53,1,0,0
BRDA:53,1,1,2
BRDA:87,2,0,2
BRDA:87,2,1,2
BRF:6
BRH:5
end_of_record
TN:
SF:routes/jobs.js
FN:29,(anonymous_0)
FN:33,(anonymous_1)
FN:52,(anonymous_2)
FN:56,(anonymous_3)
FN:75,(anonymous_4)
FN:91,(anonymous_5)
FN:94,(anonymous_6)
FN:107,(anonymous_7)
FNF:8
FNH:7
FNDA:3,(anonymous_0)
FNDA:3,(anonymous_1)
FNDA:2,(anonymous_2)
FNDA:0,(anonymous_3)
FNDA:2,(anonymous_4)
FNDA:4,(anonymous_5)
FNDA:2,(anonymous_6)
FNDA:2,(anonymous_7)
DA:5,5
DA:6,5
DA:8,5
DA:9,5
DA:10,5
DA:12,5
DA:13,5
DA:14,5
DA:17,5
DA:29,5
DA:30,3
DA:32,3
DA:33,3
DA:34,2
DA:37,1
DA:38,1
DA:52,5
DA:53,2
DA:54,2
DA:55,2
DA:56,0
DA:57,0
DA:60,2
DA:61,0
DA:63,2
DA:64,1
DA:75,5
DA:76,2
DA:77,1
DA:91,5
DA:92,4
DA:93,4
DA:94,2
DA:95,2
DA:98,2
DA:99,1
DA:107,5
DA:108,2
DA:109,1
DA:113,5
LF:40
LH:37
BRDA:32,0,0,2
BRDA:32,0,1,1
BRDA:55,1,0,0
BRDA:55,1,1,2
BRDA:60,2,0,0
BRDA:60,2,1,2
BRDA:93,3,0,2
BRDA:93,3,1,2
BRF:8
BRH:6
end_of_record
TN:
SF:routes/users.js
FN:30,(anonymous_0)
FN:33,(anonymous_1)
FN:50,(anonymous_2)
FN:63,(anonymous_3)
FN:79,(anonymous_4)
FN:82,(anonymous_5)
FN:96,(anonymous_6)
FNF:7
FNH:7
FNDA:4,(anonymous_0)
FNDA:5,(anonymous_1)
FNDA:2,(anonymous_2)
FNDA:3,(anonymous_3)
FNDA:5,(anonymous_4)
FNDA:1,(anonymous_5)
FNDA:2,(anonymous_6)
DA:5,5
DA:7,5
DA:8,5
DA:9,5
DA:10,5
DA:11,5
DA:12,5
DA:13,5
DA:15,5
DA:30,5
DA:31,4
DA:32,4
DA:33,5
DA:34,2
DA:37,2
DA:38,2
DA:39,2
DA:50,5
DA:51,2
DA:52,1
DA:63,5
DA:64,3
DA:65,2
DA:79,5
DA:80,5
DA:81,5
DA:82,1
DA:83,1
DA:86,4
DA:87,3
DA:96,5
DA:97,2
DA:98,1
DA:102,5
LF:34
LH:34
BRDA:32,0,0,2
BRDA:32,0,1,2
BRDA:81,1,0,1
BRDA:81,1,1,4
BRF:4
BRH:4
end_of_record
